<?xml version="1.0" encoding="UTF-8"?>
<TestRun id="17465459-301d-413f-9ce4-b5fd896b5ac4" name="taylor@DEVELOPERSTS 2014-04-15 10:00:29" runUser="CONCATENO\taylor" xmlns="http://microsoft.com/schemas/VisualStudio/TeamTest/2006">
  <TestRunConfiguration name="Local Test Run" id="aa3681a8-7456-40da-9f65-13b43055f881">
    <Description>This is a default test run configuration for a local test run.</Description>
    <Deployment runDeploymentRoot="C:\Documents and Settings\taylor\My Documents\Visual Studio 2008\Projects\Medscreenlib08\TestResults\taylor_DEVELOPERSTS 2014-04-15 10_00_29">
      <DeploymentItem filename="C:\Program Files\Microsoft Visual Studio 9.0\Visual Studio Tools for Office\PIA\Office11\Microsoft.Office.Interop.Excel.dll" />
      <DeploymentItem filename="C:\Documents and Settings\taylor\My Documents\Visual Studio Projects\Medscreenlib\bin\FreeSMTP.Net.dll" />
      <DeploymentItem filename="C:\Documents and Settings\taylor\My Documents\Visual Studio 2008\Projects\Medscreenlib08\bin\MedscreenLib.dll" />
      <DeploymentItem filename="C:\Documents and Settings\taylor\My Documents\Visual Studio 2008\Projects\ActiveDirectory\ActiveDirectoryWrapper\bin\Release\ActiveDirectoryWrapper.dll" />
      <DeploymentItem filename="C:\Documents and Settings\taylor\My Documents\Visual Studio 2008\Projects\dlls\BenjaminSchroeter.GeoNames.dll" />
    </Deployment>
    <TestTypeSpecific />
  </TestRunConfiguration>
  <ResultSummary outcome="Error">
    <Counters total="1" executed="1" error="0" failed="0" timeout="0" aborted="1" inconclusive="0" passedButRunAborted="0" notRunnable="0" notExecuted="0" disconnected="0" warning="0" passed="0" completed="0" inProgress="0" pending="0" />
    <RunInfos>
      <RunInfo computerName="DEVELOPERSTS" outcome="Error" timestamp="2014-04-15T10:01:09.2511611+01:00">
        <Text>Test host process exited unexpectedly.</Text>
      </RunInfo>
    </RunInfos>
  </ResultSummary>
  <Times creation="2014-04-15T10:00:29.1261611+01:00" queuing="2014-04-15T10:00:31.4699111+01:00" start="2014-04-15T10:00:31.6730361+01:00" finish="2014-04-15T10:01:09.2511611+01:00" />
  <TestDefinitions>
    <UnitTest name="ReplaceLastCharWithStringTest" storage="c:\documents and settings\taylor\my documents\visual studio 2008\projects\medscreenlib08\medscreenlibtest\bin\release\medscreenlibtest.dll" id="9891bd89-e111-ac2a-cd12-6a5c61c17b32">
      <Css projectStructure="" iteration="" />
      <Owners>
        <Owner name="" />
      </Owners>
      <Execution id="5e350476-1cf9-47ab-a7a9-9e6cf7163cea" />
      <TestMethod codeBase="C:\Documents and Settings\taylor\My Documents\Visual Studio 2008\Projects\Medscreenlib08\MedscreenlibTest\bin\Release\MedscreenlibTest.dll" adapterTypeName="Microsoft.VisualStudio.TestTools.TestTypes.Unit.UnitTestAdapter, Microsoft.VisualStudio.QualityTools.Tips.UnitTest.Adapter, Version=9.0.0.0, Culture=neutral, PublicKeyToken=b03f5f7f11d50a3a" className="MedscreenlibTest.MedscreenTest, MedscreenlibTest" name="ReplaceLastCharWithStringTest" />
    </UnitTest>
  </TestDefinitions>
  <TestLists>
    <TestList name="Results Not in a List" id="8c84fa94-04c1-424b-9868-57a2d4851a1d" />
    <TestList name="All Loaded Results" id="19431567-8539-422a-85d7-44ee4e166bda" />
  </TestLists>
  <TestEntries>
    <TestEntry testId="9891bd89-e111-ac2a-cd12-6a5c61c17b32" executionId="a88a6ca2-3eae-4d5d-bd65-562fc5fa4b8e" testListId="8c84fa94-04c1-424b-9868-57a2d4851a1d" />
  </TestEntries>
  <Results>
    <UnitTestResult executionId="a88a6ca2-3eae-4d5d-bd65-562fc5fa4b8e" testId="9891bd89-e111-ac2a-cd12-6a5c61c17b32" testName="ReplaceLastCharWithStringTest" computerName="DEVELOPERSTS" duration="00:00:37.4375000" startTime="2014-04-15T10:00:31.8136611+01:00" endTime="2014-04-15T10:01:09.2511611+01:00" testType="13cdc9d9-ddb5-4fa4-a97d-d965ccfc6d4b" outcome="Aborted" testListId="8c84fa94-04c1-424b-9868-57a2d4851a1d">
    </UnitTestResult>
  </Results>
</TestRun>