<?xml version="1.0" encoding="UTF-8"?>
<TestRun id="d0adda60-2333-488c-b372-93e9ed642359" name="taylor@DEVELOPERSTS 2014-08-08 08:50:45" runUser="CONCATENO\taylor" xmlns="http://microsoft.com/schemas/VisualStudio/TeamTest/2006">
  <TestRunConfiguration name="Local Test Run" id="aa3681a8-7456-40da-9f65-13b43055f881">
    <Description>This is a default test run configuration for a local test run.</Description>
    <Deployment runDeploymentRoot="C:\Documents and Settings\taylor\My Documents\Visual Studio 2008\Projects\Medscreenlib08\TestResults\taylor_DEVELOPERSTS 2014-08-08 08_50_45">
      <DeploymentItem filename="C:\Program Files\Microsoft Visual Studio 9.0\Visual Studio Tools for Office\PIA\Office11\Microsoft.Office.Interop.Excel.dll" />
      <DeploymentItem filename="C:\Documents and Settings\taylor\My Documents\Visual Studio Projects\Medscreenlib\bin\FreeSMTP.Net.dll" />
      <DeploymentItem filename="C:\Documents and Settings\taylor\My Documents\Visual Studio 2008\Projects\Medscreenlib08\bin\MedscreenLib.dll" />
      <DeploymentItem filename="C:\Documents and Settings\taylor\My Documents\Visual Studio 2008\Projects\dlls\BenjaminSchroeter.GeoNames.dll" />
      <DeploymentItem filename="C:\Documents and Settings\taylor\My Documents\Visual Studio 2008\Projects\ActiveDirectory\ActiveDirectoryWrapper\bin\Release\ActiveDirectoryWrapper.dll" />
      <DeploymentItem filename="C:\Documents and Settings\taylor\My Documents\Visual Studio 2008\Projects\dlls\Magick.NET-x86.dll" />
    </Deployment>
    <TestTypeSpecific />
  </TestRunConfiguration>
  <ResultSummary outcome="Inconclusive">
    <Counters total="1" executed="1" error="0" failed="0" timeout="0" aborted="0" inconclusive="1" passedButRunAborted="0" notRunnable="0" notExecuted="0" disconnected="0" warning="0" passed="0" completed="0" inProgress="0" pending="0" />
  </ResultSummary>
  <Times creation="2014-08-08T08:50:45.3705609+01:00" queuing="2014-08-08T08:50:49.8862148+01:00" start="2014-08-08T08:50:50.1674666+01:00" finish="2014-08-08T08:50:58.5112700+01:00" />
  <TestDefinitions>
    <UnitTest name="SavePDFAsJPGPagesTest" storage="c:\documents and settings\taylor\my documents\visual studio 2008\projects\medscreenlib08\medscreenlibtest\bin\release\medscreenlibtest.dll" id="0f6a8b62-e21e-d49c-7260-dd4305fe03ff">
      <Css projectStructure="" iteration="" />
      <Owners>
        <Owner name="" />
      </Owners>
      <Execution id="8d1ea545-7f43-4928-9ee8-bf79c7b0e3f0" />
      <TestMethod codeBase="C:\Documents and Settings\taylor\My Documents\Visual Studio 2008\Projects\Medscreenlib08\MedscreenlibTest\bin\Release\MedscreenlibTest.dll" adapterTypeName="Microsoft.VisualStudio.TestTools.TestTypes.Unit.UnitTestAdapter, Microsoft.VisualStudio.QualityTools.Tips.UnitTest.Adapter, Version=9.0.0.0, Culture=neutral, PublicKeyToken=b03f5f7f11d50a3a" className="MedscreenlibTest.ImageManagementTest, MedscreenlibTest" name="SavePDFAsJPGPagesTest" />
    </UnitTest>
  </TestDefinitions>
  <TestLists>
    <TestList name="Results Not in a List" id="8c84fa94-04c1-424b-9868-57a2d4851a1d" />
    <TestList name="All Loaded Results" id="19431567-8539-422a-85d7-44ee4e166bda" />
  </TestLists>
  <TestEntries>
    <TestEntry testId="0f6a8b62-e21e-d49c-7260-dd4305fe03ff" executionId="8d1ea545-7f43-4928-9ee8-bf79c7b0e3f0" testListId="8c84fa94-04c1-424b-9868-57a2d4851a1d" />
  </TestEntries>
  <Results>
    <UnitTestResult executionId="8d1ea545-7f43-4928-9ee8-bf79c7b0e3f0" testId="0f6a8b62-e21e-d49c-7260-dd4305fe03ff" testName="SavePDFAsJPGPagesTest" computerName="DEVELOPERSTS" duration="00:00:07.5676832" startTime="2014-08-08T08:50:50.2455921+01:00" endTime="2014-08-08T08:50:58.4487696+01:00" testType="13cdc9d9-ddb5-4fa4-a97d-d965ccfc6d4b" outcome="Inconclusive" testListId="8c84fa94-04c1-424b-9868-57a2d4851a1d">
      <Output>
        <ErrorInfo>
          <Message>Assert.Inconclusive failed. A method that does not return a value cannot be verified.</Message>
          <StackTrace>   at MedscreenlibTest.ImageManagementTest.SavePDFAsJPGPagesTest() in C:\Documents and Settings\taylor\My Documents\Visual Studio 2008\Projects\Medscreenlib08\MedscreenlibTest\ImageManagementTest.vb:line 65
</StackTrace>
        </ErrorInfo>
      </Output>
    </UnitTestResult>
  </Results>
</TestRun>